[GIN-debug] [WARNING] Creating an Engine instance with the Logger and Recovery middleware already attached.

[GIN-debug] [WARNING] Running in "debug" mode. Switch to "release" mode in production.
 - using env:	export GIN_MODE=release
 - using code:	gin.SetMode(gin.ReleaseMode)

[GIN-debug] GET    /api/auth/google          --> skillshub/internal/handler.(*AuthHandler).GoogleLogin-fm (4 handlers)
[GIN-debug] GET    /api/auth/google/callback --> skillshub/internal/handler.(*AuthHandler).GoogleCallback-fm (4 handlers)
[GIN-debug] POST   /api/auth/google/token    --> skillshub/internal/handler.(*AuthHandler).GoogleTokenLogin-fm (4 handlers)
[GIN-debug] GET    /api/auth/me              --> skillshub/internal/handler.(*AuthHandler).GetMe-fm (5 handlers)
[GIN-debug] GET    /api/skills               --> skillshub/internal/handler.(*SkillHandler).ListSkills-fm (4 handlers)
[GIN-debug] GET    /api/skills/featured      --> skillshub/internal/handler.(*SkillHandler).GetFeaturedSkills-fm (4 handlers)
[GIN-debug] GET    /api/skills/categories    --> skillshub/internal/handler.(*SkillHandler).GetCategories-fm (4 handlers)
[GIN-debug] GET    /api/skills/:id           --> skillshub/internal/handler.(*SkillHandler).GetSkill-fm (4 handlers)
[GIN-debug] POST   /api/skills               --> skillshub/internal/handler.(*SkillHandler).CreateSkill-fm (5 handlers)
[GIN-debug] POST   /api/skills/:id/like      --> skillshub/internal/handler.(*SkillHandler).LikeSkill-fm (5 handlers)
[GIN-debug] GET    /api/skills/:id/comments  --> skillshub/internal/handler.(*SkillHandler).GetComments-fm (4 handlers)
[GIN-debug] POST   /api/skills/:id/comments  --> skillshub/internal/handler.(*SkillHandler).CreateComment-fm (5 handlers)
[GIN-debug] GET    /api/articles             --> skillshub/internal/handler.(*ArticleHandler).ListArticles-fm (4 handlers)
[GIN-debug] GET    /api/articles/:id         --> skillshub/internal/handler.(*ArticleHandler).GetArticle-fm (4 handlers)
2026/02/24 14:26:05 Server starting on port 8084
[GIN-debug] [WARNING] You trusted all proxies, this is NOT safe. We recommend you to set a value.
Please check https://pkg.go.dev/github.com/gin-gonic/gin#readme-don-t-trust-all-proxies for details.
[GIN-debug] Listening and serving HTTP on :8084
